Log file open, 06/26/19 14:20:21
LogWindows: Failed to load 'aqProf.dll' (GetLastError=126)
LogWindows: File 'aqProf.dll' does not exist
LogWindows: Failed to load 'VtuneApi.dll' (GetLastError=126)
LogWindows: File 'VtuneApi.dll' does not exist
LogWindows: Failed to load 'VtuneApi32e.dll' (GetLastError=126)
LogWindows: File 'VtuneApi32e.dll' does not exist
LogConsoleResponse: Display: Failed to find resolution value strings in scalability ini. Falling back to default.
LogInit: Display: Running engine for game: ElectricalCRAFT
LogPakFile: Registered encryption key '00000000000000000000000000000000': 0 pak files mounted, 0 remain pending
LogPlatformFile: Not using cached read wrapper
LogTaskGraph: Started task graph with 5 named threads and 23 total threads with 3 sets of task threads.
LogStats: Stats thread started at 3.816263
LogD3D11RHI: Loaded GFSDK_Aftermath_Lib.x64.dll
LogICUInternationalization: ICU TimeZone Detection - Raw Offset: -6:00, Platform Override: ''
LogPluginManager: Mounting plugin Paper2D
LogPluginManager: Mounting plugin AISupport
LogPluginManager: Mounting plugin LightPropagationVolume
LogPluginManager: Mounting plugin ActorLayerUtilities
LogPluginManager: Mounting plugin AnimationSharing
LogPluginManager: Mounting plugin CLionSourceCodeAccess
LogPluginManager: Mounting plugin CodeLiteSourceCodeAccess
LogPluginManager: Mounting plugin GitSourceControl
LogPluginManager: Mounting plugin KDevelopSourceCodeAccess
LogPluginManager: Mounting plugin NullSourceCodeAccess
LogPluginManager: Mounting plugin PerforceSourceControl
LogPluginManager: Mounting plugin SubversionSourceControl
LogPluginManager: Mounting plugin UObjectPlugin
LogPluginManager: Mounting plugin VisualStudioCodeSourceCodeAccess
LogPluginManager: Mounting plugin VisualStudioSourceCodeAccess
LogPluginManager: Mounting plugin XCodeSourceCodeAccess
LogPluginManager: Mounting plugin AssetManagerEditor
LogPluginManager: Mounting plugin CryptoKeys
LogPluginManager: Mounting plugin DataValidation
LogPluginManager: Mounting plugin EditorScriptingUtilities
LogPluginManager: Mounting plugin FacialAnimation
LogPluginManager: Mounting plugin GameplayTagsEditor
LogPluginManager: Mounting plugin GLTFImporter
LogPluginManager: Mounting plugin MacGraphicsSwitching
LogPluginManager: Mounting plugin MaterialAnalyzer
LogPluginManager: Mounting plugin MeshEditor
LogPluginManager: Mounting plugin MobileLauncherProfileWizard
LogPluginManager: Mounting plugin PluginBrowser
LogPluginManager: Mounting plugin SpeedTreeImporter
LogPluginManager: Mounting plugin DatasmithContent
LogPluginManager: Mounting plugin VariantManagerContent
LogPluginManager: Mounting plugin AlembicImporter
LogPluginManager: Mounting plugin AppleImageUtils
LogPluginManager: Mounting plugin AppleVision
LogPluginManager: Mounting plugin BackChannel
LogPluginManager: Mounting plugin BlastPlugin
LogPluginManager: Mounting plugin ChaosSolverPlugin
LogPluginManager: Mounting plugin CharacterAI
LogPluginManager: Mounting plugin GeometryCache
LogPluginManager: Mounting plugin GeometryCollectionPlugin
LogPluginManager: Mounting plugin HTML5Networking
LogPluginManager: Mounting plugin ProxyLODPlugin
LogPluginManager: Mounting plugin SkeletalReduction
LogPluginManager: Mounting plugin MagicLeap
LogPluginManager: Mounting plugin MagicLeapMedia
LogPluginManager: Mounting plugin AndroidMedia
LogPluginManager: Mounting plugin AvfMedia
LogPluginManager: Mounting plugin ImgMedia
LogPluginManager: Mounting plugin LinearTimecode
LogPluginManager: Mounting plugin MediaCompositing
LogPluginManager: Mounting plugin MediaPlayerEditor
LogPluginManager: Mounting plugin WebMMedia
LogPluginManager: Mounting plugin WmfMedia
LogPluginManager: Mounting plugin TcpMessaging
LogPluginManager: Mounting plugin UdpMessaging
LogPluginManager: Mounting plugin ActorSequence
LogPluginManager: Mounting plugin LevelSequenceEditor
LogPluginManager: Mounting plugin MatineeToLevelSequence
LogPluginManager: Mounting plugin NetcodeUnitTest
LogPluginManager: Mounting plugin NUTUnrealEngine4
LogPluginManager: Mounting plugin OnlineSubsystemGooglePlay
LogPluginManager: Mounting plugin OnlineSubsystemIOS
LogPluginManager: Mounting plugin OnlineSubsystem
LogPluginManager: Mounting plugin OnlineSubsystemNull
LogPluginManager: Mounting plugin OnlineSubsystemUtils
LogPluginManager: Mounting plugin LauncherChunkInstaller
LogPluginManager: Mounting plugin AndroidDeviceProfileSelector
LogPluginManager: Mounting plugin AndroidMoviePlayer
LogPluginManager: Mounting plugin AndroidPermission
LogPluginManager: Mounting plugin AppleMoviePlayer
LogPluginManager: Mounting plugin ArchVisCharacter
LogPluginManager: Mounting plugin AudioCapture
LogPluginManager: Mounting plugin CableComponent
LogPluginManager: Mounting plugin CustomMeshComponent
LogPluginManager: Mounting plugin EditableMesh
LogPluginManager: Mounting plugin ExampleDeviceProfileSelector
LogPluginManager: Mounting plugin Firebase
LogPluginManager: Mounting plugin GoogleCloudMessaging
LogPluginManager: Mounting plugin IOSDeviceProfileSelector
LogPluginManager: Mounting plugin LinuxDeviceProfileSelector
LogPluginManager: Mounting plugin LocationServicesBPLibrary
LogPluginManager: Mounting plugin MobilePatchingUtils
LogPluginManager: Mounting plugin OculusVR
LogPluginManager: Mounting plugin PhysXVehicles
LogPluginManager: Mounting plugin ProceduralMeshComponent
LogPluginManager: Mounting plugin RuntimePhysXCooking
LogPluginManager: Mounting plugin SignificanceManager
LogPluginManager: Mounting plugin SteamVR
LogPluginManager: Mounting plugin WebMMoviePlayer
LogPluginManager: Mounting plugin WindowsMoviePlayer
LogPluginManager: Mounting plugin DatasmithCADImporter
LogPluginManager: Mounting plugin DatasmithDataPrepEditor
LogPluginManager: Mounting plugin DatasmithFBXImporter
LogPluginManager: Mounting plugin DatasmithGLTFImporter
LogPluginManager: Mounting plugin DatasmithImporter
LogPluginManager: Mounting plugin MDLImporter
LogPluginManager: Mounting plugin StaticMeshEditorExtension
LogPluginManager: Mounting plugin VariantManager
LogInit: Using libcurl 7.55.1-DEV
LogInit:  - built for x86_64-pc-win32
LogInit:  - supports SSL with OpenSSL/1.1.1
LogInit:  - supports HTTP deflate (compression) using libz 1.2.8
LogInit:  - other features:
LogInit:      CURL_VERSION_SSL
LogInit:      CURL_VERSION_LIBZ
LogInit:      CURL_VERSION_IPV6
LogInit:      CURL_VERSION_ASYNCHDNS
LogInit:      CURL_VERSION_LARGEFILE
LogInit:      CURL_VERSION_IDN
LogInit:  CurlRequestOptions (configurable via config and command line):
LogInit:  - bVerifyPeer = true  - Libcurl will verify peer certificate
LogInit:  - bUseHttpProxy = false  - Libcurl will NOT use HTTP proxy
LogInit:  - bDontReuseConnections = false  - Libcurl will reuse connections
LogInit:  - MaxHostConnections = 16  - Libcurl will limit the number of connections to a host
LogInit:  - LocalHostAddr = Default
LogInit:  - BufferSize = 65536
LogInit: WinSock: version 1.1 (2.2), MaxSocks=32767, MaxUdp=65467
LogInit: Build: ++UE4+Release-4.22-CL-7053642
LogInit: Engine Version: 4.22.3-7053642+++UE4+Release-4.22
LogInit: Compatible Engine Version: 4.22.0-5660361+++UE4+Release-4.22
LogInit: Net CL: 5660361
LogInit: OS: Windows 10 (Release 1803) (), CPU: Intel(R) Core(TM) i7-7700HQ CPU @ 2.80GHz, GPU: Intel(R) HD Graphics 630
LogInit: Compiled (64-bit): Jun 18 2019 03:09:11
LogInit: Compiled with Visual C++: 19.16.27025.01
LogInit: Build Configuration: Development
LogInit: Branch Name: ++UE4+Release-4.22
LogInit: Command Line: 
LogInit: Base Directory: D:/Epic Games/UE_4.22/Engine/Binaries/Win64/
LogInit: Installed Engine Build: 1
LogDevObjectVersion: Number of dev versions registered: 23
LogDevObjectVersion:   Dev-Blueprints (B0D832E4-1F89-4F0D-ACCF-7EB736FD4AA2): 10
LogDevObjectVersion:   Dev-Build (E1C64328-A22C-4D53-A36C-8E866417BD8C): 0
LogDevObjectVersion:   Dev-Core (375EC13C-06E4-48FB-B500-84F0262A717E): 3
LogDevObjectVersion:   Dev-Editor (E4B068ED-F494-42E9-A231-DA0B2E46BB41): 30
LogDevObjectVersion:   Dev-Framework (CFFC743F-43B0-4480-9391-14DF171D2073): 35
LogDevObjectVersion:   Dev-Mobile (B02B49B5-BB20-44E9-A304-32B752E40360): 2
LogDevObjectVersion:   Dev-Networking (A4E4105C-59A1-49B5-A7C5-40C4547EDFEE): 0
LogDevObjectVersion:   Dev-Online (39C831C9-5AE6-47DC-9A44-9C173E1C8E7C): 0
LogDevObjectVersion:   Dev-Physics (78F01B33-EBEA-4F98-B9B4-84EACCB95AA2): 0
LogDevObjectVersion:   Dev-Platform (6631380F-2D4D-43E0-8009-CF276956A95A): 0
LogDevObjectVersion:   Dev-Rendering (12F88B9F-8875-4AFC-A67C-D90C383ABD29): 28
LogDevObjectVersion:   Dev-Sequencer (7B5AE74C-D270-4C10-A958-57980B212A5A): 11
LogDevObjectVersion:   Dev-VR (D7296918-1DD6-4BDD-9DE2-64A83CC13884): 2
LogDevObjectVersion:   Dev-LoadTimes (C2A15278-BFE7-4AFE-6C17-90FF531DF755): 1
LogDevObjectVersion:   Private-Geometry (6EACA3D4-40EC-4CC1-B786-8BED09428FC5): 3
LogDevObjectVersion:   Dev-AnimPhys (29E575DD-E0A3-4627-9D10-D276232CDCEA): 17
LogDevObjectVersion:   Dev-Anim (AF43A65D-7FD3-4947-9873-3E8ED9C1BB05): 2
LogDevObjectVersion:   Dev-ReflectionCapture (6B266CEC-1EC7-4B8F-A30B-E4D90942FC07): 1
LogDevObjectVersion:   Dev-Automation (0DF73D61-A23F-47EA-B727-89E90C41499A): 1
LogDevObjectVersion:   FortniteMain (601D1886-AC64-4F84-AA16-D3DE0DEAC7D6): 25
LogDevObjectVersion:   Dev-Enterprise (9DFFBCD6-494F-0158-E221-12823C92A888): 6
LogDevObjectVersion:   Dev-Niagara (F2AED0AC-9AFE-416F-8664-AA7FFA26D6FC): 1
LogDevObjectVersion:   Dev-Destruction (174F1F0B-B4C6-45A5-B13F-2EE8D0FB917D): 2
LogInit: Presizing for max 16777216 objects, including 0 objects not considered by GC, pre-allocating 0 bytes for permanent pool.
LogInit: Object subsystem initialized
LogConfig: Setting CVar [[con.DebugEarlyDefault:1]]
LogConfig: Setting CVar [[r.setres:1280x720]]
[2019.06.26-19.20.25:636][  0]LogConfig: Setting CVar [[r.VSync:0]]
[2019.06.26-19.20.25:636][  0]LogConfig: Setting CVar [[r.RHICmdBypass:0]]
[2019.06.26-19.20.25:636][  0]LogConfig: Applying CVar settings from Section [/Script/Engine.RendererSettings] File [C:/Users/neil/Documents/GitHub/ElectricalCRAFT/Saved/Config/Windows/Engine.ini]
[2019.06.26-19.20.25:636][  0]LogConfig: Setting CVar [[r.GPUCrashDebugging:0]]
[2019.06.26-19.20.25:636][  0]LogConfig: Setting CVar [[r.DefaultFeature.AutoExposure.ExtendDefaultLuminanceRange:1]]
[2019.06.26-19.20.25:636][  0]LogConfig: Applying CVar settings from Section [/Script/Engine.RendererOverrideSettings] File [C:/Users/neil/Documents/GitHub/ElectricalCRAFT/Saved/Config/Windows/Engine.ini]
[2019.06.26-19.20.25:636][  0]LogConfig: Applying CVar settings from Section [/Script/Engine.StreamingSettings] File [C:/Users/neil/Documents/GitHub/ElectricalCRAFT/Saved/Config/Windows/Engine.ini]
[2019.06.26-19.20.25:636][  0]LogConfig: Setting CVar [[s.MinBulkDataSizeForAsyncLoading:131072]]
[2019.06.26-19.20.25:636][  0]LogConfig: Setting CVar [[s.AsyncLoadingThreadEnabled:0]]
[2019.06.26-19.20.25:636][  0]LogConfig: Setting CVar [[s.EventDrivenLoaderEnabled:1]]
[2019.06.26-19.20.25:636][  0]LogConfig: Setting CVar [[s.WarnIfTimeLimitExceeded:0]]
[2019.06.26-19.20.25:636][  0]LogConfig: Setting CVar [[s.TimeLimitExceededMultiplier:1.5]]
[2019.06.26-19.20.25:637][  0]LogConfig: Setting CVar [[s.TimeLimitExceededMinTime:0.005]]
[2019.06.26-19.20.25:637][  0]LogConfig: Setting CVar [[s.UseBackgroundLevelStreaming:1]]
[2019.06.26-19.20.25:637][  0]LogConfig: Setting CVar [[s.PriorityAsyncLoadingExtraTime:15.0]]
[2019.06.26-19.20.25:637][  0]LogConfig: Setting CVar [[s.LevelStreamingActorsUpdateTimeLimit:5.0]]
[2019.06.26-19.20.25:637][  0]LogConfig: Setting CVar [[s.PriorityLevelStreamingActorsUpdateExtraTime:5.0]]
[2019.06.26-19.20.25:637][  0]LogConfig: Setting CVar [[s.LevelStreamingComponentsRegistrationGranularity:10]]
[2019.06.26-19.20.25:637][  0]LogConfig: Setting CVar [[s.UnregisterComponentsTimeLimit:1.0]]
[2019.06.26-19.20.25:637][  0]LogConfig: Setting CVar [[s.LevelStreamingComponentsUnregistrationGranularity:5]]
[2019.06.26-19.20.25:637][  0]LogConfig: Applying CVar settings from Section [/Script/Engine.GarbageCollectionSettings] File [C:/Users/neil/Documents/GitHub/ElectricalCRAFT/Saved/Config/Windows/Engine.ini]
[2019.06.26-19.20.25:637][  0]LogConfig: Setting CVar [[gc.MaxObjectsNotConsideredByGC:1]]
[2019.06.26-19.20.25:637][  0]LogConfig: Setting CVar [[gc.SizeOfPermanentObjectPool:0]]
[2019.06.26-19.20.25:637][  0]LogConfig: Setting CVar [[gc.FlushStreamingOnGC:0]]
[2019.06.26-19.20.25:637][  0]LogConfig: Setting CVar [[gc.NumRetriesBeforeForcingGC:10]]
[2019.06.26-19.20.25:637][  0]LogConfig: Setting CVar [[gc.AllowParallelGC:1]]
[2019.06.26-19.20.25:637][  0]LogConfig: Setting CVar [[gc.TimeBetweenPurgingPendingKillObjects:61.1]]
[2019.06.26-19.20.25:637][  0]LogConfig: Setting CVar [[gc.MaxObjectsInEditor:16777216]]
[2019.06.26-19.20.25:637][  0]LogConfig: Setting CVar [[gc.IncrementalBeginDestroyEnabled:1]]
[2019.06.26-19.20.25:637][  0]LogConfig: Setting CVar [[gc.CreateGCClusters:1]]
[2019.06.26-19.20.25:637][  0]LogConfig: Setting CVar [[gc.MinGCClusterSize:5]]
[2019.06.26-19.20.25:637][  0]LogConfig: Setting CVar [[gc.ActorClusteringEnabled:0]]
[2019.06.26-19.20.25:637][  0]LogConfig: Setting CVar [[gc.BlueprintClusteringEnabled:0]]
[2019.06.26-19.20.25:637][  0]LogConfig: Setting CVar [[gc.UseDisregardForGCOnDedicatedServers:0]]
[2019.06.26-19.20.25:637][  0]LogConfig: Applying CVar settings from Section [/Script/Engine.NetworkSettings] File [C:/Users/neil/Documents/GitHub/ElectricalCRAFT/Saved/Config/Windows/Engine.ini]
[2019.06.26-19.20.25:637][  0]LogConfig: Applying CVar settings from Section [/Script/UnrealEd.CookerSettings] File [C:/Users/neil/Documents/GitHub/ElectricalCRAFT/Saved/Config/Windows/Engine.ini]
[2019.06.26-19.20.25:700][  0]LogConfig: Applying CVar settings from Section [ViewDistanceQuality@3] File [C:/Users/neil/Documents/GitHub/ElectricalCRAFT/Saved/Config/Windows/Scalability.ini]
[2019.06.26-19.20.25:700][  0]LogConfig: Setting CVar [[r.SkeletalMeshLODBias:0]]
[2019.06.26-19.20.25:700][  0]LogConfig: Setting CVar [[r.ViewDistanceScale:1.0]]
[2019.06.26-19.20.25:700][  0]LogConfig: Applying CVar settings from Section [AntiAliasingQuality@3] File [C:/Users/neil/Documents/GitHub/ElectricalCRAFT/Saved/Config/Windows/Scalability.ini]
[2019.06.26-19.20.25:700][  0]LogConfig: Setting CVar [[r.PostProcessAAQuality:4]]
[2019.06.26-19.20.25:700][  0]LogConfig: Applying CVar settings from Section [ShadowQuality@3] File [C:/Users/neil/Documents/GitHub/ElectricalCRAFT/Saved/Config/Windows/Scalability.ini]
[2019.06.26-19.20.25:700][  0]LogConfig: Setting CVar [[r.LightFunctionQuality:1]]
[2019.06.26-19.20.25:700][  0]LogConfig: Setting CVar [[r.ShadowQuality:5]]
[2019.06.26-19.20.25:700][  0]LogConfig: Setting CVar [[r.Shadow.CSM.MaxCascades:10]]
[2019.06.26-19.20.25:700][  0]LogConfig: Setting CVar [[r.Shadow.MaxResolution:2048]]
[2019.06.26-19.20.25:700][  0]LogConfig: Setting CVar [[r.Shadow.MaxCSMResolution:2048]]
[2019.06.26-19.20.25:700][  0]LogConfig: Setting CVar [[r.Shadow.RadiusThreshold:0.01]]
[2019.06.26-19.20.25:700][  0]LogConfig: Setting CVar [[r.Shadow.DistanceScale:1.0]]
[2019.06.26-19.20.25:700][  0]LogConfig: Setting CVar [[r.Shadow.CSM.TransitionScale:1.0]]
[2019.06.26-19.20.25:700][  0]LogConfig: Setting CVar [[r.Shadow.PreShadowResolutionFactor:1.0]]
[2019.06.26-19.20.25:700][  0]LogConfig: Setting CVar [[r.DistanceFieldShadowing:1]]
[2019.06.26-19.20.25:700][  0]LogConfig: Setting CVar [[r.DistanceFieldAO:1]]
[2019.06.26-19.20.25:700][  0]LogConfig: Setting CVar [[r.AOQuality:2]]
[2019.06.26-19.20.25:700][  0]LogConfig: Setting CVar [[r.VolumetricFog:1]]
[2019.06.26-19.20.25:700][  0]LogConfig: Setting CVar [[r.VolumetricFog.GridPixelSize:8]]
[2019.06.26-19.20.25:700][  0]LogConfig: Setting CVar [[r.VolumetricFog.GridSizeZ:128]]
[2019.06.26-19.20.25:700][  0]LogConfig: Setting CVar [[r.VolumetricFog.HistoryMissSupersampleCount:4]]
[2019.06.26-19.20.25:700][  0]LogConfig: Setting CVar [[r.LightMaxDrawDistanceScale:1]]
[2019.06.26-19.20.25:700][  0]LogConfig: Setting CVar [[r.CapsuleShadows:1]]
[2019.06.26-19.20.25:700][  0]LogConfig: Applying CVar settings from Section [PostProcessQuality@3] File [C:/Users/neil/Documents/GitHub/ElectricalCRAFT/Saved/Config/Windows/Scalability.ini]
[2019.06.26-19.20.25:700][  0]LogConfig: Setting CVar [[r.MotionBlurQuality:4]]
[2019.06.26-19.20.25:700][  0]LogConfig: Setting CVar [[r.AmbientOcclusionMipLevelFactor:0.4]]
[2019.06.26-19.20.25:700][  0]LogConfig: Setting CVar [[r.AmbientOcclusionMaxQuality:100]]
[2019.06.26-19.20.25:700][  0]LogConfig: Setting CVar [[r.AmbientOcclusionLevels:-1]]
[2019.06.26-19.20.25:700][  0]LogConfig: Setting CVar [[r.AmbientOcclusionRadiusScale:1.0]]
[2019.06.26-19.20.25:700][  0]LogConfig: Setting CVar [[r.DepthOfFieldQuality:2]]
[2019.06.26-19.20.25:700][  0]LogConfig: Setting CVar [[r.RenderTargetPoolMin:400]]
[2019.06.26-19.20.25:700][  0]LogConfig: Setting CVar [[r.LensFlareQuality:2]]
[2019.06.26-19.20.25:700][  0]LogConfig: Setting CVar [[r.SceneColorFringeQuality:1]]
[2019.06.26-19.20.25:700][  0]LogConfig: Setting CVar [[r.EyeAdaptationQuality:2]]
[2019.06.26-19.20.25:700][  0]LogConfig: Setting CVar [[r.BloomQuality:5]]
[2019.06.26-19.20.25:700][  0]LogConfig: Setting CVar [[r.FastBlurThreshold:100]]
[2019.06.26-19.20.25:700][  0]LogConfig: Setting CVar [[r.Upscale.Quality:3]]
[2019.06.26-19.20.25:700][  0]LogConfig: Setting CVar [[r.Tonemapper.GrainQuantization:1]]
[2019.06.26-19.20.25:700][  0]LogConfig: Setting CVar [[r.LightShaftQuality:1]]
[2019.06.26-19.20.25:700][  0]LogConfig: Setting CVar [[r.Filter.SizeScale:1]]
[2019.06.26-19.20.25:700][  0]LogConfig: Setting CVar [[r.Tonemapper.Quality:5]]
[2019.06.26-19.20.25:700][  0]LogConfig: Setting CVar [[r.DOF.Gather.AccumulatorQuality:1        ; higher gathering accumulator quality]]
[2019.06.26-19.20.25:700][  0]LogConfig: Setting CVar [[r.DOF.Gather.PostfilterMethod:1          ; Median3x3 postfilering method]]
[2019.06.26-19.20.25:700][  0]LogConfig: Setting CVar [[r.DOF.Gather.EnableBokehSettings:0       ; no bokeh simulation when gathering]]
[2019.06.26-19.20.25:700][  0]LogConfig: Setting CVar [[r.DOF.Gather.RingCount:4                 ; medium number of samples when gathering]]
[2019.06.26-19.20.25:700][  0]LogConfig: Setting CVar [[r.DOF.Scatter.ForegroundCompositing:1    ; additive foreground scattering]]
[2019.06.26-19.20.25:700][  0]LogConfig: Setting CVar [[r.DOF.Scatter.BackgroundCompositing:2    ; additive background scattering]]
[2019.06.26-19.20.25:700][  0]LogConfig: Setting CVar [[r.DOF.Scatter.EnableBokehSettings:1      ; bokeh simulation when scattering]]
[2019.06.26-19.20.25:700][  0]LogConfig: Setting CVar [[r.DOF.Scatter.MaxSpriteRatio:0.1         ; only a maximum of 10% of scattered bokeh]]
[2019.06.26-19.20.25:700][  0]LogConfig: Setting CVar [[r.DOF.Recombine.Quality:1                ; cheap slight out of focus]]
[2019.06.26-19.20.25:700][  0]LogConfig: Setting CVar [[r.DOF.Recombine.EnableBokehSettings:0    ; no bokeh simulation on slight out of focus]]
[2019.06.26-19.20.25:700][  0]LogConfig: Setting CVar [[r.DOF.TemporalAAQuality:1                ; more stable temporal accumulation]]
[2019.06.26-19.20.25:700][  0]LogConfig: Setting CVar [[r.DOF.Kernel.MaxForegroundRadius:0.025]]
[2019.06.26-19.20.25:700][  0]LogConfig: Setting CVar [[r.DOF.Kernel.MaxBackgroundRadius:0.025]]
[2019.06.26-19.20.25:700][  0]LogConfig: Applying CVar settings from Section [TextureQuality@3] File [C:/Users/neil/Documents/GitHub/ElectricalCRAFT/Saved/Config/Windows/Scalability.ini]
[2019.06.26-19.20.25:700][  0]LogConfig: Setting CVar [[r.Streaming.MipBias:0]]
[2019.06.26-19.20.25:700][  0]LogConfig: Setting CVar [[r.Streaming.AmortizeCPUToGPUCopy:0]]
[2019.06.26-19.20.25:700][  0]LogConfig: Setting CVar [[r.Streaming.MaxNumTexturesToStreamPerFrame:0]]
[2019.06.26-19.20.25:700][  0]LogConfig: Setting CVar [[r.Streaming.Boost:1]]
[2019.06.26-19.20.25:700][  0]LogConfig: Setting CVar [[r.MaxAnisotropy:8]]
[2019.06.26-19.20.25:700][  0]LogConfig: Setting CVar [[r.Streaming.LimitPoolSizeToVRAM:0]]
[2019.06.26-19.20.25:700][  0]LogConfig: Setting CVar [[r.Streaming.PoolSize:1000]]
[2019.06.26-19.20.25:700][  0]LogConfig: Setting CVar [[r.Streaming.MaxEffectiveScreenSize:0]]
[2019.06.26-19.20.25:700][  0]LogConfig: Applying CVar settings from Section [EffectsQuality@3] File [C:/Users/neil/Documents/GitHub/ElectricalCRAFT/Saved/Config/Windows/Scalability.ini]
[2019.06.26-19.20.25:700][  0]LogConfig: Setting CVar [[r.TranslucencyLightingVolumeDim:64]]
[2019.06.26-19.20.25:700][  0]LogConfig: Setting CVar [[r.RefractionQuality:2]]
[2019.06.26-19.20.25:700][  0]LogConfig: Setting CVar [[r.SSR.Quality:3]]
[2019.06.26-19.20.25:700][  0]LogConfig: Setting CVar [[r.SceneColorFormat:4]]
[2019.06.26-19.20.25:700][  0]LogConfig: Setting CVar [[r.DetailMode:2]]
[2019.06.26-19.20.25:701][  0]LogConfig: Setting CVar [[r.TranslucencyVolumeBlur:1]]
[2019.06.26-19.20.25:701][  0]LogConfig: Setting CVar [[r.MaterialQualityLevel:1 ; High quality]]
[2019.06.26-19.20.25:701][  0]LogConfig: Setting CVar [[r.SSS.Scale:1]]
[2019.06.26-19.20.25:701][  0]LogConfig: Setting CVar [[r.SSS.SampleSet:2]]
[2019.06.26-19.20.25:701][  0]LogConfig: Setting CVar [[r.SSS.Quality:1]]
[2019.06.26-19.20.25:701][  0]LogConfig: Setting CVar [[r.SSS.HalfRes:1]]
[2019.06.26-19.20.25:701][  0]LogConfig: Setting CVar [[r.EmitterSpawnRateScale:1.0]]
[2019.06.26-19.20.25:701][  0]LogConfig: Setting CVar [[r.ParticleLightQuality:2]]
[2019.06.26-19.20.25:701][  0]LogConfig: Applying CVar settings from Section [FoliageQuality@3] File [C:/Users/neil/Documents/GitHub/ElectricalCRAFT/Saved/Config/Windows/Scalability.ini]
[2019.06.26-19.20.25:701][  0]LogConfig: Setting CVar [[foliage.DensityScale:1.0]]
[2019.06.26-19.20.25:701][  0]LogConfig: Setting CVar [[grass.DensityScale:1.0]]
[2019.06.26-19.20.25:716][  0]LogInit: Selected Device Profile: [Windows]
[2019.06.26-19.20.25:716][  0]LogInit: Applying CVar settings loaded from the selected device profile: [Windows]
[2019.06.26-19.20.25:799][  0]LogHAL: Display: Platform has ~ 16 GB [17061806080 / 17179869184 / 16], which maps to Larger [LargestMinGB=32, LargerMinGB=12, DefaultMinGB=8, SmallerMinGB=6, SmallestMinGB=0)
[2019.06.26-19.20.25:804][  0]LogConfig: Setting CVar [[r.Vulkan.UseRealUBs:0		; Required until we fix HLR fall-out]]
[2019.06.26-19.20.25:804][  0]LogInit: Going up to parent DeviceProfile []
[2019.06.26-19.20.25:814][  0]LogConfig: Applying CVar settings from Section [ViewDistanceQuality@3] File [C:/Users/neil/Documents/GitHub/ElectricalCRAFT/Saved/Config/Windows/Scalability.ini]
[2019.06.26-19.20.25:814][  0]LogConfig: Setting CVar [[r.SkeletalMeshLODBias:0]]
[2019.06.26-19.20.25:814][  0]LogConfig: Setting CVar [[r.ViewDistanceScale:1.0]]
[2019.06.26-19.20.25:814][  0]LogConfig: Applying CVar settings from Section [AntiAliasingQuality@3] File [C:/Users/neil/Documents/GitHub/ElectricalCRAFT/Saved/Config/Windows/Scalability.ini]
[2019.06.26-19.20.25:814][  0]LogConfig: Setting CVar [[r.PostProcessAAQuality:4]]
[2019.06.26-19.20.25:814][  0]LogConfig: Applying CVar settings from Section [ShadowQuality@3] File [C:/Users/neil/Documents/GitHub/ElectricalCRAFT/Saved/Config/Windows/Scalability.ini]
[2019.06.26-19.20.25:814][  0]LogConfig: Setting CVar [[r.LightFunctionQuality:1]]
[2019.06.26-19.20.25:814][  0]LogConfig: Setting CVar [[r.ShadowQuality:5]]
[2019.06.26-19.20.25:814][  0]LogConfig: Setting CVar [[r.Shadow.CSM.MaxCascades:10]]
[2019.06.26-19.20.25:814][  0]LogConfig: Setting CVar [[r.Shadow.MaxResolution:2048]]
[2019.06.26-19.20.25:814][  0]LogConfig: Setting CVar [[r.Shadow.MaxCSMResolution:2048]]
[2019.06.26-19.20.25:814][  0]LogConfig: Setting CVar [[r.Shadow.RadiusThreshold:0.01]]
[2019.06.26-19.20.25:814][  0]LogConfig: Setting CVar [[r.Shadow.DistanceScale:1.0]]
[2019.06.26-19.20.25:814][  0]LogConfig: Setting CVar [[r.Shadow.CSM.TransitionScale:1.0]]
[2019.06.26-19.20.25:814][  0]LogConfig: Setting CVar [[r.Shadow.PreShadowResolutionFactor:1.0]]
[2019.06.26-19.20.25:814][  0]LogConfig: Setting CVar [[r.DistanceFieldShadowing:1]]
[2019.06.26-19.20.25:814][  0]LogConfig: Setting CVar [[r.DistanceFieldAO:1]]
[2019.06.26-19.20.25:814][  0]LogConfig: Setting CVar [[r.AOQuality:2]]
[2019.06.26-19.20.25:814][  0]LogConfig: Setting CVar [[r.VolumetricFog:1]]
[2019.06.26-19.20.25:814][  0]LogConfig: Setting CVar [[r.VolumetricFog.GridPixelSize:8]]
[2019.06.26-19.20.25:814][  0]LogConfig: Setting CVar [[r.VolumetricFog.GridSizeZ:128]]
[2019.06.26-19.20.25:814][  0]LogConfig: Setting CVar [[r.VolumetricFog.HistoryMissSupersampleCount:4]]
[2019.06.26-19.20.25:814][  0]LogConfig: Setting CVar [[r.LightMaxDrawDistanceScale:1]]
[2019.06.26-19.20.25:814][  0]LogConfig: Setting CVar [[r.CapsuleShadows:1]]
[2019.06.26-19.20.25:814][  0]LogConfig: Applying CVar settings from Section [PostProcessQuality@3] File [C:/Users/neil/Documents/GitHub/ElectricalCRAFT/Saved/Config/Windows/Scalability.ini]
[2019.06.26-19.20.25:814][  0]LogConfig: Setting CVar [[r.MotionBlurQuality:4]]
[2019.06.26-19.20.25:814][  0]LogConfig: Setting CVar [[r.AmbientOcclusionMipLevelFactor:0.4]]
[2019.06.26-19.20.25:814][  0]LogConfig: Setting CVar [[r.AmbientOcclusionMaxQuality:100]]
[2019.06.26-19.20.25:814][  0]LogConfig: Setting CVar [[r.AmbientOcclusionLevels:-1]]
[2019.06.26-19.20.25:814][  0]LogConfig: Setting CVar [[r.AmbientOcclusionRadiusScale:1.0]]
[2019.06.26-19.20.25:814][  0]LogConfig: Setting CVar [[r.DepthOfFieldQuality:2]]
[2019.06.26-19.20.25:814][  0]LogConfig: Setting CVar [[r.RenderTargetPoolMin:400]]
[2019.06.26-19.20.25:814][  0]LogConfig: Setting CVar [[r.LensFlareQuality:2]]
[2019.06.26-19.20.25:814][  0]LogConfig: Setting CVar [[r.SceneColorFringeQuality:1]]
[2019.06.26-19.20.25:814][  0]LogConfig: Setting CVar [[r.EyeAdaptationQuality:2]]
[2019.06.26-19.20.25:814][  0]LogConfig: Setting CVar [[r.BloomQuality:5]]
[2019.06.26-19.20.25:814][  0]LogConfig: Setting CVar [[r.FastBlurThreshold:100]]
[2019.06.26-19.20.25:814][  0]LogConfig: Setting CVar [[r.Upscale.Quality:3]]
[2019.06.26-19.20.25:814][  0]LogConfig: Setting CVar [[r.Tonemapper.GrainQuantization:1]]
[2019.06.26-19.20.25:814][  0]LogConfig: Setting CVar [[r.LightShaftQuality:1]]
[2019.06.26-19.20.25:814][  0]LogConfig: Setting CVar [[r.Filter.SizeScale:1]]
[2019.06.26-19.20.25:814][  0]LogConfig: Setting CVar [[r.Tonemapper.Quality:5]]
[2019.06.26-19.20.25:814][  0]LogConfig: Setting CVar [[r.DOF.Gather.AccumulatorQuality:1        ; higher gathering accumulator quality]]
[2019.06.26-19.20.25:814][  0]LogConfig: Setting CVar [[r.DOF.Gather.PostfilterMethod:1          ; Median3x3 postfilering method]]
[2019.06.26-19.20.25:814][  0]LogConfig: Setting CVar [[r.DOF.Gather.EnableBokehSettings:0       ; no bokeh simulation when gathering]]
[2019.06.26-19.20.25:814][  0]LogConfig: Setting CVar [[r.DOF.Gather.RingCount:4                 ; medium number of samples when gathering]]
[2019.06.26-19.20.25:814][  0]LogConfig: Setting CVar [[r.DOF.Scatter.ForegroundCompositing:1    ; additive foreground scattering]]
[2019.06.26-19.20.25:814][  0]LogConfig: Setting CVar [[r.DOF.Scatter.BackgroundCompositing:2    ; additive background scattering]]
[2019.06.26-19.20.25:814][  0]LogConfig: Setting CVar [[r.DOF.Scatter.EnableBokehSettings:1      ; bokeh simulation when scattering]]
[2019.06.26-19.20.25:814][  0]LogConfig: Setting CVar [[r.DOF.Scatter.MaxSpriteRatio:0.1         ; only a maximum of 10% of scattered bokeh]]
[2019.06.26-19.20.25:814][  0]LogConfig: Setting CVar [[r.DOF.Recombine.Quality:1                ; cheap slight out of focus]]
[2019.06.26-19.20.25:814][  0]LogConfig: Setting CVar [[r.DOF.Recombine.EnableBokehSettings:0    ; no bokeh simulation on slight out of focus]]
[2019.06.26-19.20.25:814][  0]LogConfig: Setting CVar [[r.DOF.TemporalAAQuality:1                ; more stable temporal accumulation]]
[2019.06.26-19.20.25:814][  0]LogConfig: Setting CVar [[r.DOF.Kernel.MaxForegroundRadius:0.025]]
[2019.06.26-19.20.25:814][  0]LogConfig: Setting CVar [[r.DOF.Kernel.MaxBackgroundRadius:0.025]]
[2019.06.26-19.20.25:814][  0]LogConfig: Applying CVar settings from Section [TextureQuality@3] File [C:/Users/neil/Documents/GitHub/ElectricalCRAFT/Saved/Config/Windows/Scalability.ini]
[2019.06.26-19.20.25:814][  0]LogConfig: Setting CVar [[r.Streaming.MipBias:0]]
[2019.06.26-19.20.25:814][  0]LogConfig: Setting CVar [[r.Streaming.AmortizeCPUToGPUCopy:0]]
[2019.06.26-19.20.25:814][  0]LogConfig: Setting CVar [[r.Streaming.MaxNumTexturesToStreamPerFrame:0]]
[2019.06.26-19.20.25:814][  0]LogConfig: Setting CVar [[r.Streaming.Boost:1]]
[2019.06.26-19.20.25:814][  0]LogConfig: Setting CVar [[r.MaxAnisotropy:8]]
[2019.06.26-19.20.25:814][  0]LogConfig: Setting CVar [[r.Streaming.LimitPoolSizeToVRAM:0]]
[2019.06.26-19.20.25:814][  0]LogConfig: Setting CVar [[r.Streaming.PoolSize:1000]]
[2019.06.26-19.20.25:814][  0]LogConfig: Setting CVar [[r.Streaming.MaxEffectiveScreenSize:0]]
[2019.06.26-19.20.25:814][  0]LogConfig: Applying CVar settings from Section [EffectsQuality@3] File [C:/Users/neil/Documents/GitHub/ElectricalCRAFT/Saved/Config/Windows/Scalability.ini]
[2019.06.26-19.20.25:814][  0]LogConfig: Setting CVar [[r.TranslucencyLightingVolumeDim:64]]
[2019.06.26-19.20.25:814][  0]LogConfig: Setting CVar [[r.RefractionQuality:2]]
[2019.06.26-19.20.25:814][  0]LogConfig: Setting CVar [[r.SSR.Quality:3]]
[2019.06.26-19.20.25:814][  0]LogConfig: Setting CVar [[r.SceneColorFormat:4]]
[2019.06.26-19.20.25:814][  0]LogConfig: Setting CVar [[r.DetailMode:2]]
[2019.06.26-19.20.25:814][  0]LogConfig: Setting CVar [[r.TranslucencyVolumeBlur:1]]
[2019.06.26-19.20.25:814][  0]LogConfig: Setting CVar [[r.MaterialQualityLevel:1 ; High quality]]
[2019.06.26-19.20.25:814][  0]LogConfig: Setting CVar [[r.SSS.Scale:1]]
[2019.06.26-19.20.25:814][  0]LogConfig: Setting CVar [[r.SSS.SampleSet:2]]
[2019.06.26-19.20.25:814][  0]LogConfig: Setting CVar [[r.SSS.Quality:1]]
[2019.06.26-19.20.25:814][  0]LogConfig: Setting CVar [[r.SSS.HalfRes:1]]
[2019.06.26-19.20.25:814][  0]LogConfig: Setting CVar [[r.EmitterSpawnRateScale:1.0]]
[2019.06.26-19.20.25:814][  0]LogConfig: Setting CVar [[r.ParticleLightQuality:2]]
[2019.06.26-19.20.25:814][  0]LogConfig: Applying CVar settings from Section [FoliageQuality@3] File [C:/Users/neil/Documents/GitHub/ElectricalCRAFT/Saved/Config/Windows/Scalability.ini]
[2019.06.26-19.20.25:815][  0]LogConfig: Setting CVar [[foliage.DensityScale:1.0]]
[2019.06.26-19.20.25:815][  0]LogConfig: Setting CVar [[grass.DensityScale:1.0]]
[2019.06.26-19.20.25:815][  0]LogConfig: Applying CVar settings from Section [Startup] File [../../../Engine/Config/ConsoleVariables.ini]
[2019.06.26-19.20.25:862][  0]LogConfig: Setting CVar [[net.UseAdaptiveNetUpdateFrequency:0]]
[2019.06.26-19.20.25:862][  0]LogConfig: Setting CVar [[p.chaos.AllowCreatePhysxBodies:1]]
[2019.06.26-19.20.25:862][  0]LogConfig: Applying CVar settings from Section [ConsoleVariables] File [C:/Users/neil/Documents/GitHub/ElectricalCRAFT/Saved/Config/Windows/Engine.ini]
[2019.06.26-19.20.25:870][  0]LogInit: Computer: MSI
[2019.06.26-19.20.25:870][  0]LogInit: User: neil
[2019.06.26-19.20.25:870][  0]LogInit: CPU Page size=4096, Cores=4
[2019.06.26-19.20.25:870][  0]LogInit: High frequency timer resolution =2.742191 MHz
[2019.06.26-19.20.25:871][  0]LogMemory: Memory total: Physical=15.9GB (16GB approx)
[2019.06.26-19.20.25:871][  0]LogMemory: Platform Memory Stats for Windows
[2019.06.26-19.20.25:871][  0]LogMemory: Process Physical Memory: 96.79 MB used, 96.79 MB peak
[2019.06.26-19.20.25:871][  0]LogMemory: Process Virtual Memory: 90.66 MB used, 90.66 MB peak
[2019.06.26-19.20.25:871][  0]LogMemory: Physical Memory: 8096.91 MB used,  8174.50 MB free, 16271.41 MB total
[2019.06.26-19.20.25:871][  0]LogMemory: Virtual Memory: 4660.69 MB used,  134213064.00 MB free, 134217728.00 MB total
[2019.06.26-19.20.27:563][  0]LogInit: Using OS detected language (en-US).
[2019.06.26-19.20.27:563][  0]LogInit: Using OS detected locale (en-US).
[2019.06.26-19.20.27:687][  0]LogTextLocalizationManager: No specific localization for 'en-US' exists, so the 'en' localization will be used.
[2019.06.26-19.20.28:637][  0]LogInit: Setting process to per monitor DPI aware
[2019.06.26-19.20.29:379][  0]LogSlate: New Slate User Created.  User Index 0, Is Virtual User: 0
[2019.06.26-19.20.29:379][  0]LogSlate: Slate User Registered.  User Index 0, Is Virtual User: 0
[2019.06.26-19.20.33:933][  0]LogHMD: Failed to initialize OpenVR with code 101
[2019.06.26-19.20.33:934][  0]LogD3D11RHI: D3D11 adapters:
[2019.06.26-19.20.34:037][  0]LogD3D11RHI:    0. 'NVIDIA GeForce GTX 1060' (Feature Level 11_0)
[2019.06.26-19.20.34:037][  0]LogD3D11RHI:       6052/0/8135 MB DedicatedVideo/DedicatedSystem/SharedSystem, Outputs:1, VendorId:0x10de
[2019.06.26-19.20.34:058][  0]LogD3D11RHI:    1. 'Intel(R) HD Graphics 630' (Feature Level 11_0)
[2019.06.26-19.20.34:058][  0]LogD3D11RHI:       128/0/8135 MB DedicatedVideo/DedicatedSystem/SharedSystem, Outputs:0, VendorId:0x8086
[2019.06.26-19.20.34:060][  0]LogD3D11RHI:    2. 'Microsoft Basic Render Driver' (Feature Level 11_0)
[2019.06.26-19.20.34:060][  0]LogD3D11RHI:       0/0/8135 MB DedicatedVideo/DedicatedSystem/SharedSystem, Outputs:0, VendorId:0x1414
[2019.06.26-19.20.34:060][  0]LogD3D11RHI: Chosen D3D11 Adapter: 0
[2019.06.26-19.20.34:118][  0]LogD3D11RHI: Creating new Direct3DDevice
[2019.06.26-19.20.34:118][  0]LogD3D11RHI:     GPU DeviceId: 0x1c20 (for the marketing name, search the web for "GPU Device Id")
[2019.06.26-19.20.34:118][  0]LogWindows: EnumDisplayDevices:
[2019.06.26-19.20.34:118][  0]LogWindows:    0. 'Intel(R) HD Graphics 630' (P:1 D:1)
[2019.06.26-19.20.34:118][  0]LogWindows:    1. 'Intel(R) HD Graphics 630' (P:0 D:0)
[2019.06.26-19.20.34:118][  0]LogWindows:    2. 'Intel(R) HD Graphics 630' (P:0 D:0)
[2019.06.26-19.20.34:119][  0]LogWindows:    3. 'NVIDIA GeForce GTX 1060' (P:0 D:0)
[2019.06.26-19.20.34:119][  0]LogWindows:    4. 'NVIDIA GeForce GTX 1060' (P:0 D:0)
[2019.06.26-19.20.34:119][  0]LogWindows:    5. 'NVIDIA GeForce GTX 1060' (P:0 D:0)
[2019.06.26-19.20.34:120][  0]LogWindows:    6. 'NVIDIA GeForce GTX 1060' (P:0 D:0)
[2019.06.26-19.20.34:120][  0]LogWindows: DebugString: PrimaryIsNotTheChoosenAdapter PrimaryIsNotTheChoosenAdapter PrimaryIsNotTheChoosenAdapter FoundDriverCount:4 
[2019.06.26-19.20.34:120][  0]LogD3D11RHI:     Adapter Name: NVIDIA GeForce GTX 1060
[2019.06.26-19.20.34:120][  0]LogD3D11RHI:   Driver Version: 399.01 (internal:24.21.13.9901, unified:399.01)
[2019.06.26-19.20.34:120][  0]LogD3D11RHI:      Driver Date: 8-13-2018
[2019.06.26-19.20.34:120][  0]LogRHI: Texture pool is 4236 MB (70% of 6052 MB)
[2019.06.26-19.20.34:175][  0]LogD3D11RHI: Async texture creation enabled
[2019.06.26-19.20.34:502][  0]LogRendererCore: FGlobalReadBuffer::InitRHI
[2019.06.26-19.20.34:514][  0]LogRendererCore: FGlobalReadBuffer::InitRHI
[2019.06.26-19.20.34:514][  0]LogRendererCore: FGlobalReadBuffer::InitRHI
[2019.06.26-19.20.34:558][  0]LogD3D11RHI: GPU Timing Frequency: 1000.000000 (Debug: 2 2)
[2019.06.26-19.20.36:151][  0]LogTemp: Display: Module 'AllDesktopTargetPlatform' loaded TargetPlatform 'AllDesktop'
[2019.06.26-19.20.36:247][  0]LogTemp: Display: Module 'MacClientTargetPlatform' loaded TargetPlatform 'MacClient'
[2019.06.26-19.20.36:274][  0]LogTemp: Display: Module 'MacNoEditorTargetPlatform' loaded TargetPlatform 'MacNoEditor'
[2019.06.26-19.20.36:325][  0]LogTemp: Display: Module 'MacServerTargetPlatform' loaded TargetPlatform 'MacServer'
[2019.06.26-19.20.36:428][  0]LogTemp: Display: Module 'MacTargetPlatform' loaded TargetPlatform 'Mac'
[2019.06.26-19.20.36:527][  0]LogTemp: Display: Module 'WindowsClientTargetPlatform' loaded TargetPlatform 'WindowsClient'
[2019.06.26-19.20.36:572][  0]LogTemp: Display: Module 'WindowsNoEditorTargetPlatform' loaded TargetPlatform 'WindowsNoEditor'
[2019.06.26-19.20.36:612][  0]LogTemp: Display: Module 'WindowsServerTargetPlatform' loaded TargetPlatform 'WindowsServer'
[2019.06.26-19.20.36:637][  0]LogTemp: Display: Module 'WindowsTargetPlatform' loaded TargetPlatform 'Windows'
[2019.06.26-19.20.36:827][  0]LogTemp: Display: Module 'AndroidTargetPlatform' loaded TargetPlatform 'Android'
[2019.06.26-19.20.36:828][  0]LogTemp: Display: Module 'AndroidTargetPlatform' loaded TargetPlatform 'Android_ASTC'
[2019.06.26-19.20.36:828][  0]LogTemp: Display: Module 'AndroidTargetPlatform' loaded TargetPlatform 'Android_ATC'
[2019.06.26-19.20.36:828][  0]LogTemp: Display: Module 'AndroidTargetPlatform' loaded TargetPlatform 'Android_DXT'
[2019.06.26-19.20.36:828][  0]LogTemp: Display: Module 'AndroidTargetPlatform' loaded TargetPlatform 'Android_ETC1'
[2019.06.26-19.20.36:828][  0]LogTemp: Display: Module 'AndroidTargetPlatform' loaded TargetPlatform 'Android_ETC1a'
[2019.06.26-19.20.36:828][  0]LogTemp: Display: Module 'AndroidTargetPlatform' loaded TargetPlatform 'Android_ETC2'
[2019.06.26-19.20.36:828][  0]LogTemp: Display: Module 'AndroidTargetPlatform' loaded TargetPlatform 'Android_PVRTC'
[2019.06.26-19.20.36:828][  0]LogTemp: Display: Module 'AndroidTargetPlatform' loaded TargetPlatform 'AndroidClient'
[2019.06.26-19.20.36:828][  0]LogTemp: Display: Module 'AndroidTargetPlatform' loaded TargetPlatform 'Android_ASTCClient'
[2019.06.26-19.20.36:828][  0]LogTemp: Display: Module 'AndroidTargetPlatform' loaded TargetPlatform 'Android_ATCClient'
[2019.06.26-19.20.36:828][  0]LogTemp: Display: Module 'AndroidTargetPlatform' loaded TargetPlatform 'Android_DXTClient'
[2019.06.26-19.20.36:828][  0]LogTemp: Display: Module 'AndroidTargetPlatform' loaded TargetPlatform 'Android_ETC1Client'
[2019.06.26-19.20.36:828][  0]LogTemp: Display: Module 'AndroidTargetPlatform' loaded TargetPlatform 'Android_ETC1aClient'
[2019.06.26-19.20.36:828][  0]LogTemp: Display: Module 'AndroidTargetPlatform' loaded TargetPlatform 'Android_ETC2Client'
[2019.06.26-19.20.36:828][  0]LogTemp: Display: Module 'AndroidTargetPlatform' loaded TargetPlatform 'Android_PVRTCClient'
[2019.06.26-19.20.36:828][  0]LogTemp: Display: Module 'AndroidTargetPlatform' loaded TargetPlatform 'Android_Multi'
[2019.06.26-19.20.36:828][  0]LogTemp: Display: Module 'AndroidTargetPlatform' loaded TargetPlatform 'Android_MultiClient'
[2019.06.26-19.20.36:892][  0]LogTemp: Display: Module 'HTML5TargetPlatform' loaded TargetPlatform 'HTML5'
[2019.06.26-19.20.37:116][  0]LogTemp: Display: Module 'IOSTargetPlatform' loaded TargetPlatform 'IOSClient'
[2019.06.26-19.20.37:116][  0]LogTemp: Display: Module 'IOSTargetPlatform' loaded TargetPlatform 'IOS'
[2019.06.26-19.20.37:165][  0]LogTemp: Display: Module 'TVOSTargetPlatform' loaded TargetPlatform 'TVOSClient'
[2019.06.26-19.20.37:165][  0]LogTemp: Display: Module 'TVOSTargetPlatform' loaded TargetPlatform 'TVOS'
[2019.06.26-19.20.37:232][  0]LogTemp: Display: Module 'LinuxClientTargetPlatform' loaded TargetPlatform 'LinuxClient'
[2019.06.26-19.20.37:321][  0]LogTemp: Display: Module 'LinuxNoEditorTargetPlatform' loaded TargetPlatform 'LinuxNoEditor'
[2019.06.26-19.20.37:345][  0]LogTemp: Display: Module 'LinuxServerTargetPlatform' loaded TargetPlatform 'LinuxServer'
[2019.06.26-19.20.37:410][  0]LogTemp: Display: Module 'LinuxTargetPlatform' loaded TargetPlatform 'Linux'
[2019.06.26-19.20.37:512][  0]LogTemp: Display: Module 'LuminTargetPlatform' loaded TargetPlatform 'Lumin'
[2019.06.26-19.20.37:512][  0]LogTemp: Display: Module 'LuminTargetPlatform' loaded TargetPlatform 'LuminClient'
[2019.06.26-19.20.37:512][  0]LogTargetPlatformManager: Display: Building Assets For Windows
[2019.06.26-19.20.37:882][  0]LogAudioDebug: Display: Lib vorbis DLL was dynamically loaded.
[2019.06.26-19.20.39:119][  0]LogShaderCompilers: Guid format shader working directory is -2 characters bigger than the processId version (C:/Users/neil/Documents/GitHub/ElectricalCRAFT/Intermediate/Shaders/WorkingDirectory/40084/).
[2019.06.26-19.20.39:119][  0]LogShaderCompilers: Cleaned the shader compiler working directory 'C:/Users/neil/AppData/Local/Temp/UnrealShaderWorkingDir/584C133E411F6767E69AB1A86E35D2C6/'.
[2019.06.26-19.20.39:135][  0]LogXGEController: Cleaning working directory: C:/Users/neil/AppData/Local/Temp/UnrealXGEWorkingDir/
[2019.06.26-19.20.39:135][  0]LogXGEController: Cannot use XGE Controller as Incredibuild is not installed on this machine.
[2019.06.26-19.20.39:137][  0]LogShaderCompilers: Cannot use XGE Shader Compiler as Incredibuild is not installed on this machine.
[2019.06.26-19.20.39:137][  0]LogShaderCompilers: Display: Using Local Shader Compiler.
[2019.06.26-19.20.43:679][  0]LogDerivedDataCache: Display: Max Cache Size: 512 MB
[2019.06.26-19.20.44:008][  0]LogDerivedDataCache: Loaded boot cache 0.32s 75MB C:/Users/neil/AppData/Local/UnrealEngine/4.22/DerivedDataCache/Boot.ddc.
[2019.06.26-19.20.44:008][  0]LogDerivedDataCache: Display: Loaded Boot cache: C:/Users/neil/AppData/Local/UnrealEngine/4.22/DerivedDataCache/Boot.ddc
[2019.06.26-19.20.44:008][  0]LogDerivedDataCache: FDerivedDataBackendGraph:  Pak pak cache file C:/Users/neil/Documents/GitHub/ElectricalCRAFT/DerivedDataCache/DDC.ddp not found, will not use a pak cache.
[2019.06.26-19.20.44:008][  0]LogDerivedDataCache: Unable to find inner node Pak for hierarchical cache Hierarchy.
[2019.06.26-19.20.44:008][  0]LogDerivedDataCache: FDerivedDataBackendGraph:  CompressedPak pak cache file C:/Users/neil/Documents/GitHub/ElectricalCRAFT/DerivedDataCache/Compressed.ddp not found, will not use a pak cache.
[2019.06.26-19.20.44:008][  0]LogDerivedDataCache: Unable to find inner node CompressedPak for hierarchical cache Hierarchy.
[2019.06.26-19.20.44:551][  0]LogDerivedDataCache: Display: Pak cache opened for reading ../../../Engine/DerivedDataCache/Compressed.ddp.
[2019.06.26-19.20.44:638][  0]LogDerivedDataCache: Display: Pak cache opened for reading ../../../Enterprise/DerivedDataCache/Compressed.ddp.
[2019.06.26-19.20.44:654][  0]LogDerivedDataCache: Using Local data cache path C:/Users/neil/AppData/Local/UnrealEngine/Common/DerivedDataCache: Writable
[2019.06.26-19.20.44:654][  0]LogDerivedDataCache: Shared data cache path not found in *engine.ini, will not use an Shared cache.
[2019.06.26-19.20.44:654][  0]LogDerivedDataCache: Unable to find inner node Shared for hierarchical cache Hierarchy.
[2019.06.26-19.20.44:715][  0]LogMaterial: Verifying Global Shaders for PCD3D_SM5
[2019.06.26-19.20.44:794][  0]LogSlate: Using FreeType 2.6.0
[2019.06.26-19.20.45:015][  0]LogSlate: SlateFontServices - WITH_FREETYPE: 1, WITH_HARFBUZZ: 1
[2019.06.26-19.20.47:273][  0]LogAssetRegistry: FAssetRegistry took 0.0674 seconds to start up
[2019.06.26-19.20.53:743][  0]LogInit: Selected Device Profile: [Windows]
[2019.06.26-19.20.57:757][  0]LogMeshReduction: Using QuadricMeshReduction for automatic static mesh reduction
[2019.06.26-19.20.57:757][  0]LogMeshReduction: Using SimplygonMeshReduction for automatic skeletal mesh reduction
[2019.06.26-19.20.57:757][  0]LogMeshReduction: Using ProxyLODMeshReduction for automatic mesh merging
[2019.06.26-19.20.57:757][  0]LogMeshReduction: No distributed automatic mesh merging module available
[2019.06.26-19.20.57:757][  0]LogMeshMerging: No distributed automatic mesh merging module available
[2019.06.26-19.20.58:402][  0]LogNetVersion: ElectricalCRAFT 1.0.0, NetCL: 5660361, EngineNetVer: 10, GameNetVer: 0 (Checksum: 2815339452)
[2019.06.26-19.21.05:690][  0]LogPackageLocalizationCache: Processed 16 localized package path(s) for 1 prioritized culture(s) in 0.155633 seconds
[2019.06.26-19.21.05:754][  0]LogUObjectArray: 42205 objects as part of root set at end of initial load.
[2019.06.26-19.21.05:754][  0]LogUObjectAllocator: 7325032 out of 0 bytes used by permanent object pool.
[2019.06.26-19.21.05:754][  0]LogUObjectArray: CloseDisregardForGC: 0/0 objects in disregard for GC pool
[2019.06.26-19.21.46:816][  0]LogTcpMessaging: Initializing TcpMessaging bridge
[2019.06.26-19.21.46:876][  0]LogUdpMessaging: Initializing bridge on interface 0.0.0.0:0 to multicast group 230.0.0.1:6666.
[2019.06.26-19.21.49:012][  0]SourceControl: Source control is disabled
[2019.06.26-19.21.49:033][  0]SourceControl: Source control is disabled
[2019.06.26-19.21.49:341][  0]SourceControl: Source control is disabled
[2019.06.26-19.21.49:381][  0]SourceControl: Source control is disabled
[2019.06.26-19.21.53:822][  0]LogAndroidPermission: UAndroidPermissionCallbackProxy::GetInstance
[2019.06.26-19.21.54:092][  0]LogOcInput: OculusInput pre-init called
[2019.06.26-19.22.01:695][  0]LogWindows: Failed to load 'libalias_api.dll' (GetLastError=126)
[2019.06.26-19.22.01:695][  0]LogWindows: File 'libalias_api.dll' does not exist
[2019.06.26-19.22.01:696][  0]LogWindows: Failed to load 'libalias_api.dll' (GetLastError=126)
[2019.06.26-19.22.01:696][  0]LogWindows: File 'libalias_api.dll' does not exist
[2019.06.26-19.22.02:904][  0]LogEngine: Initializing Engine...
[2019.06.26-19.22.02:942][  0]LogHMD: Failed to initialize OpenVR with code 101
[2019.06.26-19.22.02:944][  0]LogStats: UGameplayTagsManager::InitializeManager -  0.001 s
[2019.06.26-19.22.03:622][  0]LogInit: Initializing FReadOnlyCVARCache
[2019.06.26-19.22.04:374][  0]LogAIModule: Creating AISystem for world Untitled
[2019.06.26-19.22.04:617][  0]LogInit: XAudio2 using 'Speakers (Realtek High Definition Audio)' : 6 channels at 48 kHz using 32 bits per sample (channel mask 0x3f)
[2019.06.26-19.22.05:350][  0]LogInit: FAudioDevice initialized.
[2019.06.26-19.22.05:351][  0]LogNetVersion: Set ProjectVersion to 1.0.0.0. Version Checksum will be recalculated on next use.
[2019.06.26-19.22.05:520][  0]LogDerivedDataCache: Saved boot cache 0.17s 75MB C:/Users/neil/AppData/Local/UnrealEngine/4.22/DerivedDataCache/Boot.ddc.
[2019.06.26-19.22.05:530][  0]LogInit: Texture streaming: Enabled
[2019.06.26-19.22.05:952][  0]LogEngineSessionManager: EngineSessionManager initialized
[2019.06.26-19.22.06:280][  0]LogInit: Transaction tracking system initialized
[2019.06.26-19.22.06:950][  0]BlueprintLog: New page: Editor Load
[2019.06.26-19.22.09:094][  0]LocalizationService: Localization service is disabled
[2019.06.26-19.22.13:180][  0]LogFileCache: Scanning file cache for directory 'C:/Users/neil/Documents/GitHub/ElectricalCRAFT/Content/' took 0.08s
[2019.06.26-19.22.13:180][  0]LogCook: Display: Max memory allowance for cook 16384mb min free memory 0mb
[2019.06.26-19.22.13:181][  0]LogCook: Display: Mobile HDR setting 1
[2019.06.26-19.22.22:099][  0]SourceControl: Source control is disabled
[2019.06.26-19.22.22:152][  0]Cmd: MAP LOAD FILE="C:/Users/neil/Documents/GitHub/ElectricalCRAFT/Content/Maps/Breadboard.umap" TEMPLATE=0 SHOWPROGRESS=1 FEATURELEVEL=3
[2019.06.26-19.22.22:165][  0]LightingResults: New page: Lighting Build
[2019.06.26-19.22.22:484][  0]MapCheck: New page: Map Check
[2019.06.26-19.22.22:484][  0]LightingResults: New page: Lighting Build
[2019.06.26-19.22.23:329][  0]LogUObjectHash: Compacting FUObjectHashTables data took  16.88ms
[2019.06.26-19.22.24:872][  0]LogAIModule: Creating AISystem for world Breadboard
[2019.06.26-19.22.25:406][  0]LogEditorServer: Finished looking for orphan Actors (0.000 secs)
[2019.06.26-19.22.25:507][  0]LogUObjectHash: Compacting FUObjectHashTables data took   1.94ms
[2019.06.26-19.22.25:520][  0]Cmd: MAP CHECKDEP NOCLEARLOG
[2019.06.26-19.22.25:534][  0]MapCheck: Map check complete: 0 Error(s), 0 Warning(s), took 0.949ms to complete.
[2019.06.26-19.22.25:542][  0]LogFileHelpers: Loading map 'Breadboard' took 3.413
[2019.06.26-19.22.28:421][  0]LogSlate: Updating window title bar state: overlay mode, drag disabled, window buttons hidden, title bar hidden
[2019.06.26-19.22.28:432][  0]LogSlate: Updating window title bar state: overlay mode, drag disabled, window buttons hidden, title bar hidden
[2019.06.26-19.22.28:441][  0]LogSlate: Updating window title bar state: overlay mode, drag disabled, window buttons hidden, title bar hidden
[2019.06.26-19.22.28:450][  0]LogSlate: Updating window title bar state: overlay mode, drag disabled, window buttons hidden, title bar hidden
[2019.06.26-19.22.28:635][  0]LogCollectionManager: Loaded 0 collections in 0.001074 seconds
[2019.06.26-19.22.28:823][  0]LogFileCache: Scanning file cache for directory 'C:/Users/neil/Documents/GitHub/ElectricalCRAFT/Saved/Collections/' took 0.01s
[2019.06.26-19.22.28:823][  0]LogFileCache: Scanning file cache for directory 'C:/Users/neil/Documents/GitHub/ElectricalCRAFT/Content/Developers/neil/Collections/' took 0.00s
[2019.06.26-19.22.28:824][  0]LogFileCache: Scanning file cache for directory 'C:/Users/neil/Documents/GitHub/ElectricalCRAFT/Content/Collections/' took 0.00s
[2019.06.26-19.22.28:824][  0]LogCollectionManager: Rebuilt the GUID cache for 0 collections in 0.000000 seconds
[2019.06.26-19.22.28:871][  0]LogContentBrowser: Native class hierarchy populated in 0.0434 seconds. Added 2865 classes and 728 folders.
[2019.06.26-19.22.29:110][  0]LogContentBrowser: Native class hierarchy updated for 'WidgetCarousel' in 0.0004 seconds. Added 0 classes and 0 folders.
[2019.06.26-19.22.29:220][  0]LogPakFile: Registered encryption key '00000000000000000000000000000000': 0 pak files mounted, 0 remain pending
[2019.06.26-19.22.29:283][  0]LogPakFile: Registered encryption key '00000000000000000000000000000000': 0 pak files mounted, 0 remain pending
[2019.06.26-19.22.29:310][  0]LogPakFile: Registered encryption key '00000000000000000000000000000000': 0 pak files mounted, 0 remain pending
[2019.06.26-19.22.29:367][  0]LogPakFile: Registered encryption key '00000000000000000000000000000000': 0 pak files mounted, 0 remain pending
[2019.06.26-19.22.29:383][  0]LogPakFile: Registered encryption key '00000000000000000000000000000000': 0 pak files mounted, 0 remain pending
[2019.06.26-19.22.29:404][  0]LogPakFile: Registered encryption key '00000000000000000000000000000000': 0 pak files mounted, 0 remain pending
[2019.06.26-19.22.29:415][  0]LogPakFile: Registered encryption key '00000000000000000000000000000000': 0 pak files mounted, 0 remain pending
[2019.06.26-19.22.29:438][  0]LogPakFile: Registered encryption key '00000000000000000000000000000000': 0 pak files mounted, 0 remain pending
[2019.06.26-19.22.29:454][  0]LogPakFile: Registered encryption key '00000000000000000000000000000000': 0 pak files mounted, 0 remain pending
[2019.06.26-19.22.29:480][  0]LogPakFile: Registered encryption key '00000000000000000000000000000000': 0 pak files mounted, 0 remain pending
[2019.06.26-19.22.29:496][  0]LogPakFile: Registered encryption key '00000000000000000000000000000000': 0 pak files mounted, 0 remain pending
[2019.06.26-19.22.29:513][  0]LogPakFile: Registered encryption key '00000000000000000000000000000000': 0 pak files mounted, 0 remain pending
[2019.06.26-19.22.29:533][  0]LogPakFile: Registered encryption key '00000000000000000000000000000000': 0 pak files mounted, 0 remain pending
[2019.06.26-19.22.29:549][  0]LogPakFile: Registered encryption key '00000000000000000000000000000000': 0 pak files mounted, 0 remain pending
[2019.06.26-19.22.29:568][  0]LogPakFile: Registered encryption key '00000000000000000000000000000000': 0 pak files mounted, 0 remain pending
[2019.06.26-19.22.29:579][  0]LogPakFile: Registered encryption key '00000000000000000000000000000000': 0 pak files mounted, 0 remain pending
[2019.06.26-19.22.29:621][  0]LogPakFile: Registered encryption key '00000000000000000000000000000000': 0 pak files mounted, 0 remain pending
[2019.06.26-19.22.29:642][  0]LogPakFile: Registered encryption key '00000000000000000000000000000000': 0 pak files mounted, 0 remain pending
[2019.06.26-19.22.29:659][  0]LogPakFile: Registered encryption key '00000000000000000000000000000000': 0 pak files mounted, 0 remain pending
[2019.06.26-19.22.29:677][  0]LogPakFile: Registered encryption key '00000000000000000000000000000000': 0 pak files mounted, 0 remain pending
[2019.06.26-19.22.29:696][  0]LogPakFile: Registered encryption key '00000000000000000000000000000000': 0 pak files mounted, 0 remain pending
[2019.06.26-19.22.29:718][  0]LogPakFile: Registered encryption key '00000000000000000000000000000000': 0 pak files mounted, 0 remain pending
[2019.06.26-19.22.29:733][  0]LogPakFile: Registered encryption key '00000000000000000000000000000000': 0 pak files mounted, 0 remain pending
[2019.06.26-19.22.29:754][  0]LogPakFile: Registered encryption key '00000000000000000000000000000000': 0 pak files mounted, 0 remain pending
[2019.06.26-19.22.29:791][  0]LogPakFile: Registered encryption key '00000000000000000000000000000000': 0 pak files mounted, 0 remain pending
[2019.06.26-19.22.29:814][  0]LogPakFile: Registered encryption key '00000000000000000000000000000000': 0 pak files mounted, 0 remain pending
[2019.06.26-19.22.29:831][  0]LogPakFile: Registered encryption key '00000000000000000000000000000000': 0 pak files mounted, 0 remain pending
[2019.06.26-19.22.29:880][  0]LogPakFile: Registered encryption key '00000000000000000000000000000000': 0 pak files mounted, 0 remain pending
[2019.06.26-19.22.32:289][  0]LogContentBrowser: Native class hierarchy updated for 'AddContentDialog' in 0.0006 seconds. Added 0 classes and 0 folders.
[2019.06.26-19.22.32:335][  0]LogContentBrowser: Native class hierarchy updated for 'SceneOutliner' in 0.0007 seconds. Added 1 classes and 0 folders.
[2019.06.26-19.22.33:679][  0]LogSlate: Took 0.105861 seconds to synchronously load lazily loaded font '../../../Engine/Content/Slate/Fonts/Roboto-Regular.ttf' (155K)
[2019.06.26-19.22.33:729][  0]LogSlate: Took 0.018422 seconds to synchronously load lazily loaded font '../../../Engine/Content/Slate/Fonts/Roboto-Bold.ttf' (160K)
[2019.06.26-19.22.33:865][  0]LogSlate: Took 0.025274 seconds to synchronously load lazily loaded font '../../../Engine/Content/Editor/Slate/Fonts/FontAwesome.ttf' (139K)
[2019.06.26-19.22.34:424][  0]LogRenderer: Reallocating scene render targets to support 964x440 Format 10 NumSamples 1 (Frame:1).
[2019.06.26-19.22.35:257][  0]LogContentBrowser: Native class hierarchy updated for 'HierarchicalLODOutliner' in 0.0004 seconds. Added 0 classes and 0 folders.
[2019.06.26-19.22.35:257][  0]LogLoad: (Engine Initialization) Total time: 168.68 seconds
[2019.06.26-19.22.35:257][  0]LogLoad: (Engine Initialization) Total Blueprint compile time: 0.00 seconds
[2019.06.26-19.22.35:845][  0]LogContentStreaming: Texture pool size now 1000 MB
[2019.06.26-19.22.36:269][  0]LogSlate: Took 0.058071 seconds to synchronously load lazily loaded font '../../../Engine/Content/Slate/Fonts/Roboto-Light.ttf' (167K)
[2019.06.26-19.22.36:869][  2]LogAssetRegistry: Asset discovery search completed in 109.6196 seconds
[2019.06.26-19.22.36:899][  2]LogCollectionManager: Rebuilt the object cache for 0 collections in 0.000001 seconds (found 0 objects)
[2019.06.26-19.22.36:899][  2]LogCollectionManager: Fixed up redirectors for 0 collections in 0.000805 seconds (updated 0 objects)
[2019.06.26-19.22.36:953][  2]LogSlate: Took 0.000157 seconds to synchronously load lazily loaded font '../../../Engine/Content/Slate/Fonts/Roboto-Light.ttf' (167K)
[2019.06.26-19.40.21:647][288]LogSlate: FSceneViewport::OnFocusLost() reason 0
[2019.06.26-19.40.39:022][550]LogEditorViewport: Clicking on Actor (LMB): StaticMeshActor (breadboard_LP)
[2019.06.26-19.41.25:583][906]LogSlate: FSceneViewport::OnFocusLost() reason 0
[2019.06.26-19.41.28:786][976]LogSlate: FSceneViewport::OnFocusLost() reason 0
[2019.06.26-19.41.31:130][ 69]LogSlate: FSceneViewport::OnFocusLost() reason 2
[2019.06.26-19.41.34:076][240]LogSlate: FSceneViewport::OnFocusLost() reason 2
[2019.06.26-19.41.43:349][947]LogSlate: FSceneViewport::OnFocusLost() reason 2
[2019.06.26-19.41.44:179][ 11]LogSlate: FSceneViewport::OnFocusLost() reason 2
[2019.06.26-19.41.45:237][ 36]LogRHI: Error: SyncInterval 0
[2019.06.26-19.41.45:237][ 36]LogRHI: Error: SwapChainDesc.BufferDesc.Width 1938
[2019.06.26-19.41.45:237][ 36]LogRHI: Error: SwapChainDesc.BufferDesc.Height 1060
[2019.06.26-19.41.45:237][ 36]LogRHI: Error: SwapChainDesc.BufferDesc.RefreshRate.Numerator 0
[2019.06.26-19.41.45:237][ 36]LogRHI: Error: SwapChainDesc.BufferDesc.RefreshRate.Denominator 0
[2019.06.26-19.41.45:237][ 36]LogRHI: Error: SwapChainDesc.BufferDesc.Format 24
[2019.06.26-19.41.45:237][ 36]LogRHI: Error: SwapChainDesc.BufferDesc.ScanlineOrdering 0
[2019.06.26-19.41.45:237][ 36]LogRHI: Error: SwapChainDesc.BufferDesc.Scaling 0
[2019.06.26-19.41.45:237][ 36]LogRHI: Error: SwapChainDesc.SampleDesc.Count 1
[2019.06.26-19.41.45:237][ 36]LogRHI: Error: SwapChainDesc.SampleDesc.Quality 0
[2019.06.26-19.41.45:237][ 36]LogRHI: Error: SwapChainDesc.BufferUsage 48
[2019.06.26-19.41.45:237][ 36]LogRHI: Error: SwapChainDesc.BufferCount 1
[2019.06.26-19.41.45:237][ 36]LogRHI: Error: SwapChainDesc.OutputWindow 00000000005408FE
[2019.06.26-19.41.45:237][ 36]LogRHI: Error: SwapChainDesc.Windowed true
[2019.06.26-19.41.45:237][ 36]LogRHI: Error: SwapChainDesc.SwapEffect 0
[2019.06.26-19.41.45:237][ 36]LogRHI: Error: SwapChainDesc.Flags 2
[2019.06.26-19.41.45:330][ 36]LogD3D11RHI: Error: Result failed 
 at D:\Build\++UE4\Sync\Engine\Source\Runtime\Windows\D3D11RHI\Private\D3D11Viewport.cpp:361 
 with error DXGI_ERROR_DEVICE_REMOVED DXGI_ERROR_DEVICE_HUNG
[2019.06.26-19.41.45:330][ 36]LogD3D11RHI: [Aftermath] GDynamicRHI=000002666775A0C0, GDX11NVAfterMathEnabled=0, Result=0xFFFFFFFF, bDeviceActive=0
[2019.06.26-19.41.45:607][ 36]LogWindows: Windows GetLastError: The operation completed successfully. (0)
[2019.06.26-19.41.58:167][ 36]LogOutputDevice: Warning: 

Script Stack (0 frames):

[2019.06.26-19.41.58:167][ 36]LogWindows: Windows GetLastError: The operation completed successfully. (0)
[2019.06.26-19.41.58:195][ 36]LogWindows: Error: === Critical error: ===
[2019.06.26-19.41.58:195][ 36]LogWindows: Error: 
[2019.06.26-19.41.58:195][ 36]LogWindows: Error: Fatal error: [File:D:\Build\++UE4\Sync\Engine\Source\Runtime\RenderCore\Private\RenderingThread.cpp] [Line: 819] 
[2019.06.26-19.41.58:195][ 36]LogWindows: Error: Rendering thread exception:
[2019.06.26-19.41.58:195][ 36]LogWindows: Error: Fatal error: [File:D:\Build\++UE4\Sync\Engine\Source\Runtime\Windows\D3D11RHI\Private\D3D11Util.cpp] [Line: 198] 
[2019.06.26-19.41.58:195][ 36]LogWindows: Error: Unreal Engine is exiting due to D3D device being lost. (Error: 0x887A0006 - 'HUNG')
[2019.06.26-19.41.58:195][ 36]LogWindows: Error: 
[2019.06.26-19.41.58:195][ 36]LogWindows: Error: 
[2019.06.26-19.41.58:195][ 36]LogWindows: Error: Unhandled Exception: 0x00008000
[2019.06.26-19.41.58:195][ 36]LogWindows: Error: 
[2019.06.26-19.41.58:195][ 36]LogWindows: Error: [Callstack] 0x00007ff9c802a388 KERNELBASE.dll!UnknownFunction []
[2019.06.26-19.41.58:195][ 36]LogWindows: Error: [Callstack] 0x00007ff9705c3667 UE4Editor-Core.dll!UnknownFunction []
[2019.06.26-19.41.58:195][ 36]LogWindows: Error: [Callstack] 0x00007ff9705c46e0 UE4Editor-Core.dll!UnknownFunction []
[2019.06.26-19.41.58:195][ 36]LogWindows: Error: [Callstack] 0x00007ff9703d7d1a UE4Editor-Core.dll!UnknownFunction []
[2019.06.26-19.41.58:195][ 36]LogWindows: Error: [Callstack] 0x00007ff97035fe33 UE4Editor-Core.dll!UnknownFunction []
[2019.06.26-19.41.58:195][ 36]LogWindows: Error: [Callstack] 0x00007ff97035fd18 UE4Editor-Core.dll!UnknownFunction []
[2019.06.26-19.41.58:195][ 36]LogWindows: Error: [Callstack] 0x00007ff991512a23 UE4Editor-D3D11RHI.dll!UnknownFunction []
[2019.06.26-19.41.58:195][ 36]LogWindows: Error: [Callstack] 0x00007ff99151629e UE4Editor-D3D11RHI.dll!UnknownFunction []
[2019.06.26-19.41.58:195][ 36]LogWindows: Error: [Callstack] 0x00007ff9914f875e UE4Editor-D3D11RHI.dll!UnknownFunction []
[2019.06.26-19.41.58:195][ 36]LogWindows: Error: [Callstack] 0x00007ff99150480b UE4Editor-D3D11RHI.dll!UnknownFunction []
[2019.06.26-19.41.58:195][ 36]LogWindows: Error: [Callstack] 0x00007ff991c1e8e0 UE4Editor-RHI.dll!UnknownFunction []
[2019.06.26-19.41.58:195][ 36]LogWindows: Error: [Callstack] 0x00007ff991c1e4c4 UE4Editor-RHI.dll!UnknownFunction []
[2019.06.26-19.41.58:195][ 36]LogWindows: Error: [Callstack] 0x00007ff991c1f444 UE4Editor-RHI.dll!UnknownFunction []
[2019.06.26-19.41.58:195][ 36]LogWindows: Error: [Callstack] 0x00007ff991c16bb4 UE4Editor-RHI.dll!UnknownFunction []
[2019.06.26-19.41.58:195][ 36]LogWindows: Error: [Callstack] 0x00007ff98488769b UE4Editor-SlateRHIRenderer.dll!UnknownFunction []
[2019.06.26-19.41.58:195][ 36]LogWindows: Error: [Callstack] 0x00007ff98488e220 UE4Editor-SlateRHIRenderer.dll!UnknownFunction []
[2019.06.26-19.41.58:195][ 36]LogWindows: Error: [Callstack] 0x00007ff9701e22d8 UE4Editor-Core.dll!UnknownFunction []
[2019.06.26-19.41.58:195][ 36]LogWindows: Error: [Callstack] 0x00007ff9701e2563 UE4Editor-Core.dll!UnknownFunction []
[2019.06.26-19.41.58:195][ 36]LogWindows: Error: [Callstack] 0x00007ff98f0559f1 UE4Editor-RenderCore.dll!UnknownFunction []
[2019.06.26-19.41.58:195][ 36]LogWindows: Error: [Callstack] 0x00007ff98f05c184 UE4Editor-RenderCore.dll!UnknownFunction []
[2019.06.26-19.41.58:195][ 36]LogWindows: Error: [Callstack] 0x00007ff9705d4b3f UE4Editor-Core.dll!UnknownFunction []
[2019.06.26-19.41.58:195][ 36]LogWindows: Error: [Callstack] 0x00007ff9705d08a7 UE4Editor-Core.dll!UnknownFunction []
[2019.06.26-19.41.58:195][ 36]LogWindows: Error: [Callstack] 0x00007ff9ca504034 KERNEL32.DLL!UnknownFunction []
[2019.06.26-19.41.58:195][ 36]LogWindows: Error: [Callstack] 0x00007ff9cbbe3691 ntdll.dll!UnknownFunction []
[2019.06.26-19.41.58:195][ 36]LogWindows: Error: 
[2019.06.26-19.41.58:195][ 36]LogWindows: Error: 
[2019.06.26-19.41.58:195][ 36]LogWindows: Error: 
[2019.06.26-19.41.58:195][ 36]LogWindows: Error: 
[2019.06.26-19.41.58:246][ 36]LogThreadingWindows: Error: Runnable thread RenderThread 7 crashed.
[2019.06.26-19.41.58:246][ 36]LogWindows: Error: HandleError re-entered.
[2019.06.26-19.41.58:246][ 36]LogWindows: FPlatformMisc::RequestExit(1)
[2019.06.26-19.41.58:261][ 36]Log file closed, 06/26/19 14:41:58
